[20240404 10:29:06:774][INFO ][o.h.validator.internal.util.Version] HV000001: Hibernate Validator 8.0.1.Final
[20240404 10:29:06:827][INFO ][com.os.OsApplication] Starting OsApplication using Java 17.0.10 with PID 9240 (C:\Users\ksm10\AIP\build\classes\java\main started by ksm10 in C:\Users\ksm10\AIP)
[20240404 10:29:06:828][INFO ][com.os.OsApplication] No active profile set, falling back to 1 default profile: "default"
[20240404 10:29:06:881][INFO ][o.s.b.d.e.DevToolsPropertyDefaultsPostProcessor] Devtools property defaults active! Set 'spring.devtools.add-properties' to 'false' to disable
[20240404 10:29:06:881][INFO ][o.s.b.d.e.DevToolsPropertyDefaultsPostProcessor] For additional web related logging consider setting the 'logging.level.web' property to 'DEBUG'
[20240404 10:29:07:668][INFO ][o.s.d.r.c.RepositoryConfigurationDelegate] Bootstrapping Spring Data JPA repositories in DEFAULT mode.
[20240404 10:29:07:747][INFO ][o.s.d.r.c.RepositoryConfigurationDelegate] Finished Spring Data repository scanning in 73 ms. Found 8 JPA repository interfaces.
[20240404 10:29:08:463][INFO ][o.s.b.w.embedded.tomcat.TomcatWebServer] Tomcat initialized with port 8082 (http)
[20240404 10:29:08:474][INFO ][o.apache.coyote.http11.Http11NioProtocol] Initializing ProtocolHandler ["http-nio-8082"]
[20240404 10:29:08:477][INFO ][o.apache.catalina.core.StandardService] Starting service [Tomcat]
[20240404 10:29:08:477][INFO ][org.apache.catalina.core.StandardEngine] Starting Servlet engine: [Apache Tomcat/10.1.19]
[20240404 10:29:08:537][INFO ][o.a.c.c.C.[Tomcat].[localhost].[/]] Initializing Spring embedded WebApplicationContext
[20240404 10:29:08:538][INFO ][o.s.b.w.s.c.ServletWebServerApplicationContext] Root WebApplicationContext: initialization completed in 1656 ms
[20240404 10:29:08:713][INFO ][o.hibernate.jpa.internal.util.LogHelper] HHH000204: Processing PersistenceUnitInfo [name: default]
[20240404 10:29:08:798][INFO ][org.hibernate.Version] HHH000412: Hibernate ORM core version 6.4.4.Final
[20240404 10:29:08:845][INFO ][o.h.c.internal.RegionFactoryInitiator] HHH000026: Second-level cache disabled
[20240404 10:29:09:092][INFO ][o.s.o.j.p.SpringPersistenceUnitInfo] No LoadTimeWeaver setup: ignoring JPA class transformer
[20240404 10:29:09:122][INFO ][com.zaxxer.hikari.HikariDataSource] HikariPool-1 - Starting...
[20240404 10:29:09:432][INFO ][com.zaxxer.hikari.pool.HikariPool] HikariPool-1 - Added connection com.mysql.cj.jdbc.ConnectionImpl@68719391
[20240404 10:29:09:434][INFO ][com.zaxxer.hikari.HikariDataSource] HikariPool-1 - Start completed.
[20240404 10:29:09:471][WARN ][org.hibernate.orm.deprecation] HHH90000025: MySQL8Dialect does not need to be specified explicitly using 'hibernate.dialect' (remove the property setting and it will be selected by default)
[20240404 10:29:09:472][WARN ][org.hibernate.orm.deprecation] HHH90000026: MySQL8Dialect has been deprecated; use org.hibernate.dialect.MySQLDialect instead
[20240404 10:29:10:511][INFO ][o.h.e.t.j.p.i.JtaPlatformInitiator] HHH000489: No JTA platform available (set 'hibernate.transaction.jta.platform' to enable JTA platform integration)
[20240404 10:29:10:611][INFO ][o.s.o.j.LocalContainerEntityManagerFactoryBean] Initialized JPA EntityManagerFactory for persistence unit 'default'
[20240404 10:29:10:900][INFO ][o.s.d.j.r.query.QueryEnhancerFactory] Hibernate is in classpath; If applicable, HQL parser will be used.
[20240404 10:29:11:643][WARN ][o.s.b.a.o.j.JpaBaseConfiguration$JpaWebConfiguration] spring.jpa.open-in-view is enabled by default. Therefore, database queries may be performed during view rendering. Explicitly configure spring.jpa.open-in-view to disable this warning
[20240404 10:29:11:750][INFO ][o.s.b.a.w.s.WelcomePageHandlerMapping] Adding welcome page template: index
[20240404 10:29:11:938][INFO ][o.s.s.web.DefaultSecurityFilterChain] Will secure any request with [org.springframework.security.web.session.DisableEncodeUrlFilter@38943636, org.springframework.security.web.context.request.async.WebAsyncManagerIntegrationFilter@799f84fc, org.springframework.security.web.context.SecurityContextHolderFilter@10cc2f65, org.springframework.security.web.header.HeaderWriterFilter@77f28701, org.springframework.security.web.authentication.logout.LogoutFilter@419dee, org.springframework.security.web.authentication.UsernamePasswordAuthenticationFilter@5b9ca86c, org.springframework.security.web.savedrequest.RequestCacheAwareFilter@1bc323c0, org.springframework.security.web.servletapi.SecurityContextHolderAwareRequestFilter@70345dd9, org.springframework.security.web.authentication.AnonymousAuthenticationFilter@394fb25, org.springframework.security.web.access.ExceptionTranslationFilter@18572641, org.springframework.security.web.access.intercept.AuthorizationFilter@68a7772d]
[20240404 10:29:12:267][INFO ][o.s.b.d.a.OptionalLiveReloadServer] LiveReload server is running on port 35729
[20240404 10:29:12:279][INFO ][o.apache.coyote.http11.Http11NioProtocol] Starting ProtocolHandler ["http-nio-8082"]
[20240404 10:29:12:304][INFO ][o.s.b.w.embedded.tomcat.TomcatWebServer] Tomcat started on port 8082 (http) with context path ''
[20240404 10:29:12:314][INFO ][com.os.OsApplication] Started OsApplication in 6.006 seconds (process running for 6.431)
[20240404 10:30:19:168][INFO ][o.a.c.c.C.[Tomcat].[localhost].[/]] Initializing Spring DispatcherServlet 'dispatcherServlet'
[20240404 10:30:19:168][INFO ][o.s.web.servlet.DispatcherServlet] Initializing Servlet 'dispatcherServlet'
[20240404 10:30:19:169][INFO ][o.s.web.servlet.DispatcherServlet] Completed initialization in 1 ms
[20240404 10:30:30:989][ERROR][o.a.c.c.C.[.[.[/].[dispatcherServlet]] Servlet.service() for servlet [dispatcherServlet] in context with path [] threw exception [Request processing failed: org.springframework.dao.InvalidDataAccessApiUsageException: Argument [auto] of type [java.lang.String] did not match parameter type [com.os.util.OrderType (n/a)]] with root cause
org.hibernate.query.QueryArgumentException: Argument [auto] of type [java.lang.String] did not match parameter type [com.os.util.OrderType (n/a)]
	at org.hibernate.query.spi.QueryParameterBindingValidator.validate(QueryParameterBindingValidator.java:85)
	at org.hibernate.query.spi.QueryParameterBindingValidator.validate(QueryParameterBindingValidator.java:32)
	at org.hibernate.query.internal.QueryParameterBindingImpl.validate(QueryParameterBindingImpl.java:362)
	at org.hibernate.query.internal.QueryParameterBindingImpl.setBindValue(QueryParameterBindingImpl.java:137)
	at org.hibernate.query.spi.AbstractCommonQueryContract.setParameter(AbstractCommonQueryContract.java:1047)
	at org.hibernate.query.spi.AbstractSelectionQuery.setParameter(AbstractSelectionQuery.java:966)
	at org.hibernate.query.sqm.internal.QuerySqmImpl.setParameter(QuerySqmImpl.java:1324)
	at org.hibernate.query.sqm.internal.QuerySqmImpl.setParameter(QuerySqmImpl.java:140)
	at org.springframework.data.jpa.repository.query.QueryParameterSetter$BindableQuery.setParameter(QueryParameterSetter.java:318)
	at org.springframework.data.jpa.repository.query.QueryParameterSetter$NamedOrIndexedQueryParameterSetter.lambda$3(QueryParameterSetter.java:115)
	at org.springframework.data.jpa.repository.query.QueryParameterSetter$ErrorHandling$1.execute(QueryParameterSetter.java:140)
	at org.springframework.data.jpa.repository.query.QueryParameterSetter$NamedOrIndexedQueryParameterSetter.setParameter(QueryParameterSetter.java:115)
	at org.springframework.data.jpa.repository.query.ParameterBinder.bind(ParameterBinder.java:84)
	at org.springframework.data.jpa.repository.query.ParameterBinder.bind(ParameterBinder.java:76)
	at org.springframework.data.jpa.repository.query.PartTreeJpaQuery$CountQueryPreparer.invokeBinding(PartTreeJpaQuery.java:394)
	at org.springframework.data.jpa.repository.query.PartTreeJpaQuery$QueryPreparer.createQuery(PartTreeJpaQuery.java:251)
	at org.springframework.data.jpa.repository.query.PartTreeJpaQuery.doCreateQuery(PartTreeJpaQuery.java:113)
	at org.springframework.data.jpa.repository.query.AbstractJpaQuery.createQuery(AbstractJpaQuery.java:239)
	at org.springframework.data.jpa.repository.query.JpaQueryExecution$SingleEntityExecution.doExecute(JpaQueryExecution.java:223)
	at org.springframework.data.jpa.repository.query.JpaQueryExecution.execute(JpaQueryExecution.java:92)
	at org.springframework.data.jpa.repository.query.AbstractJpaQuery.doExecute(AbstractJpaQuery.java:149)
	at org.springframework.data.jpa.repository.query.AbstractJpaQuery.execute(AbstractJpaQuery.java:137)
	at org.springframework.data.repository.core.support.RepositoryMethodInvoker.doInvoke(RepositoryMethodInvoker.java:170)
	at org.springframework.data.repository.core.support.RepositoryMethodInvoker.invoke(RepositoryMethodInvoker.java:158)
	at org.springframework.data.repository.core.support.QueryExecutorMethodInterceptor.doInvoke(QueryExecutorMethodInterceptor.java:164)
	at org.springframework.data.repository.core.support.QueryExecutorMethodInterceptor.invoke(QueryExecutorMethodInterceptor.java:143)
	at org.springframework.aop.framework.ReflectiveMethodInvocation.proceed(ReflectiveMethodInvocation.java:184)
	at org.springframework.data.projection.DefaultMethodInvokingMethodInterceptor.invoke(DefaultMethodInvokingMethodInterceptor.java:70)
	at org.springframework.aop.framework.ReflectiveMethodInvocation.proceed(ReflectiveMethodInvocation.java:184)
	at org.springframework.transaction.interceptor.TransactionInterceptor$1.proceedWithInvocation(TransactionInterceptor.java:123)
	at org.springframework.transaction.interceptor.TransactionAspectSupport.invokeWithinTransaction(TransactionAspectSupport.java:385)
	at org.springframework.transaction.interceptor.TransactionInterceptor.invoke(TransactionInterceptor.java:119)
	at org.springframework.aop.framework.ReflectiveMethodInvocation.proceed(ReflectiveMethodInvocation.java:184)
	at org.springframework.dao.support.PersistenceExceptionTranslationInterceptor.invoke(PersistenceExceptionTranslationInterceptor.java:137)
	at org.springframework.aop.framework.ReflectiveMethodInvocation.proceed(ReflectiveMethodInvocation.java:184)
	at org.springframework.data.jpa.repository.support.CrudMethodMetadataPostProcessor$CrudMethodMetadataPopulatingMethodInterceptor.invoke(CrudMethodMetadataPostProcessor.java:135)
	at org.springframework.aop.framework.ReflectiveMethodInvocation.proceed(ReflectiveMethodInvocation.java:184)
	at org.springframework.aop.interceptor.ExposeInvocationInterceptor.invoke(ExposeInvocationInterceptor.java:97)
	at org.springframework.aop.framework.ReflectiveMethodInvocation.proceed(ReflectiveMethodInvocation.java:184)
	at org.springframework.aop.framework.JdkDynamicAopProxy.invoke(JdkDynamicAopProxy.java:220)
	at jdk.proxy4/jdk.proxy4.$Proxy148.countByPaymentStatusAndPaymentTypeAndUpdateTimeBetween(Unknown Source)
	at com.os.service.PaymentServiceC.autoError(PaymentServiceC.java:87)
	at java.base/jdk.internal.reflect.NativeMethodAccessorImpl.invoke0(Native Method)
	at java.base/jdk.internal.reflect.NativeMethodAccessorImpl.invoke(NativeMethodAccessorImpl.java:77)
	at java.base/jdk.internal.reflect.DelegatingMethodAccessorImpl.invoke(DelegatingMethodAccessorImpl.java:43)
	at java.base/java.lang.reflect.Method.invoke(Method.java:568)
	at org.springframework.aop.support.AopUtils.invokeJoinpointUsingReflection(AopUtils.java:351)
	at org.springframework.aop.framework.ReflectiveMethodInvocation.invokeJoinpoint(ReflectiveMethodInvocation.java:196)
	at org.springframework.aop.framework.ReflectiveMethodInvocation.proceed(ReflectiveMethodInvocation.java:163)
	at org.springframework.aop.framework.CglibAopProxy$CglibMethodInvocation.proceed(CglibAopProxy.java:765)
	at org.springframework.transaction.interceptor.TransactionInterceptor$1.proceedWithInvocation(TransactionInterceptor.java:123)
	at org.springframework.transaction.interceptor.TransactionAspectSupport.invokeWithinTransaction(TransactionAspectSupport.java:385)
	at org.springframework.transaction.interceptor.TransactionInterceptor.invoke(TransactionInterceptor.java:119)
	at org.springframework.aop.framework.ReflectiveMethodInvocation.proceed(ReflectiveMethodInvocation.java:184)
	at org.springframework.aop.framework.CglibAopProxy$CglibMethodInvocation.proceed(CglibAopProxy.java:765)
	at org.springframework.aop.framework.CglibAopProxy$DynamicAdvisedInterceptor.intercept(CglibAopProxy.java:717)
	at com.os.service.PaymentServiceC$$SpringCGLIB$$0.autoError(<generated>)
	at com.os.controller.MainController.mainPage(MainController.java:52)
	at java.base/jdk.internal.reflect.NativeMethodAccessorImpl.invoke0(Native Method)
	at java.base/jdk.internal.reflect.NativeMethodAccessorImpl.invoke(NativeMethodAccessorImpl.java:77)
	at java.base/jdk.internal.reflect.DelegatingMethodAccessorImpl.invoke(DelegatingMethodAccessorImpl.java:43)
	at java.base/java.lang.reflect.Method.invoke(Method.java:568)
	at org.springframework.web.method.support.InvocableHandlerMethod.doInvoke(InvocableHandlerMethod.java:259)
	at org.springframework.web.method.support.InvocableHandlerMethod.invokeForRequest(InvocableHandlerMethod.java:192)
	at org.springframework.web.servlet.mvc.method.annotation.ServletInvocableHandlerMethod.invokeAndHandle(ServletInvocableHandlerMethod.java:118)
	at org.springframework.web.servlet.mvc.method.annotation.RequestMappingHandlerAdapter.invokeHandlerMethod(RequestMappingHandlerAdapter.java:920)
	at org.springframework.web.servlet.mvc.method.annotation.RequestMappingHandlerAdapter.handleInternal(RequestMappingHandlerAdapter.java:830)
	at org.springframework.web.servlet.mvc.method.AbstractHandlerMethodAdapter.handle(AbstractHandlerMethodAdapter.java:87)
	at org.springframework.web.servlet.DispatcherServlet.doDispatch(DispatcherServlet.java:1089)
	at org.springframework.web.servlet.DispatcherServlet.doService(DispatcherServlet.java:979)
	at org.springframework.web.servlet.FrameworkServlet.processRequest(FrameworkServlet.java:1014)
	at org.springframework.web.servlet.FrameworkServlet.doGet(FrameworkServlet.java:903)
	at jakarta.servlet.http.HttpServlet.service(HttpServlet.java:564)
	at org.springframework.web.servlet.FrameworkServlet.service(FrameworkServlet.java:885)
	at jakarta.servlet.http.HttpServlet.service(HttpServlet.java:658)
	at org.apache.catalina.core.ApplicationFilterChain.internalDoFilter(ApplicationFilterChain.java:205)
	at org.apache.catalina.core.ApplicationFilterChain.doFilter(ApplicationFilterChain.java:149)
	at org.apache.tomcat.websocket.server.WsFilter.doFilter(WsFilter.java:51)
	at org.apache.catalina.core.ApplicationFilterChain.internalDoFilter(ApplicationFilterChain.java:174)
	at org.apache.catalina.core.ApplicationFilterChain.doFilter(ApplicationFilterChain.java:149)
	at org.springframework.web.filter.CompositeFilter$VirtualFilterChain.doFilter(CompositeFilter.java:108)
	at org.springframework.security.web.FilterChainProxy.lambda$doFilterInternal$3(FilterChainProxy.java:231)
	at org.springframework.security.web.FilterChainProxy$VirtualFilterChain.doFilter(FilterChainProxy.java:365)
	at org.springframework.security.web.access.intercept.AuthorizationFilter.doFilter(AuthorizationFilter.java:100)
	at org.springframework.security.web.FilterChainProxy$VirtualFilterChain.doFilter(FilterChainProxy.java:374)
	at org.springframework.security.web.access.ExceptionTranslationFilter.doFilter(ExceptionTranslationFilter.java:126)
	at org.springframework.security.web.access.ExceptionTranslationFilter.doFilter(ExceptionTranslationFilter.java:120)
	at org.springframework.security.web.FilterChainProxy$VirtualFilterChain.doFilter(FilterChainProxy.java:374)
	at org.springframework.security.web.authentication.AnonymousAuthenticationFilter.doFilter(AnonymousAuthenticationFilter.java:100)
	at org.springframework.security.web.FilterChainProxy$VirtualFilterChain.doFilter(FilterChainProxy.java:374)
	at org.springframework.security.web.servletapi.SecurityContextHolderAwareRequestFilter.doFilter(SecurityContextHolderAwareRequestFilter.java:179)
	at org.springframework.security.web.FilterChainProxy$VirtualFilterChain.doFilter(FilterChainProxy.java:374)
	at org.springframework.security.web.savedrequest.RequestCacheAwareFilter.doFilter(RequestCacheAwareFilter.java:63)
	at org.springframework.security.web.FilterChainProxy$VirtualFilterChain.doFilter(FilterChainProxy.java:374)
	at org.springframework.security.web.authentication.AbstractAuthenticationProcessingFilter.doFilter(AbstractAuthenticationProcessingFilter.java:227)
	at org.springframework.security.web.authentication.AbstractAuthenticationProcessingFilter.doFilter(AbstractAuthenticationProcessingFilter.java:221)
	at org.springframework.security.web.FilterChainProxy$VirtualFilterChain.doFilter(FilterChainProxy.java:374)
	at org.springframework.security.web.authentication.logout.LogoutFilter.doFilter(LogoutFilter.java:107)
	at org.springframework.security.web.authentication.logout.LogoutFilter.doFilter(LogoutFilter.java:93)
	at org.springframework.security.web.FilterChainProxy$VirtualFilterChain.doFilter(FilterChainProxy.java:374)
	at org.springframework.security.web.header.HeaderWriterFilter.doHeadersAfter(HeaderWriterFilter.java:90)
	at org.springframework.security.web.header.HeaderWriterFilter.doFilterInternal(HeaderWriterFilter.java:75)
	at org.springframework.web.filter.OncePerRequestFilter.doFilter(OncePerRequestFilter.java:116)
	at org.springframework.security.web.FilterChainProxy$VirtualFilterChain.doFilter(FilterChainProxy.java:374)
	at org.springframework.security.web.context.SecurityContextHolderFilter.doFilter(SecurityContextHolderFilter.java:82)
	at org.springframework.security.web.context.SecurityContextHolderFilter.doFilter(SecurityContextHolderFilter.java:69)
	at org.springframework.security.web.FilterChainProxy$VirtualFilterChain.doFilter(FilterChainProxy.java:374)
	at org.springframework.security.web.context.request.async.WebAsyncManagerIntegrationFilter.doFilterInternal(WebAsyncManagerIntegrationFilter.java:62)
	at org.springframework.web.filter.OncePerRequestFilter.doFilter(OncePerRequestFilter.java:116)
	at org.springframework.security.web.FilterChainProxy$VirtualFilterChain.doFilter(FilterChainProxy.java:374)
	at org.springframework.security.web.session.DisableEncodeUrlFilter.doFilterInternal(DisableEncodeUrlFilter.java:42)
	at org.springframework.web.filter.OncePerRequestFilter.doFilter(OncePerRequestFilter.java:116)
	at org.springframework.security.web.FilterChainProxy$VirtualFilterChain.doFilter(FilterChainProxy.java:374)
	at org.springframework.security.web.FilterChainProxy.doFilterInternal(FilterChainProxy.java:233)
	at org.springframework.security.web.FilterChainProxy.doFilter(FilterChainProxy.java:191)
	at org.springframework.web.filter.CompositeFilter$VirtualFilterChain.doFilter(CompositeFilter.java:113)
	at org.springframework.web.servlet.handler.HandlerMappingIntrospector.lambda$createCacheFilter$3(HandlerMappingIntrospector.java:195)
	at org.springframework.web.filter.CompositeFilter$VirtualFilterChain.doFilter(CompositeFilter.java:113)
	at org.springframework.web.filter.CompositeFilter.doFilter(CompositeFilter.java:74)
	at org.springframework.security.config.annotation.web.configuration.WebMvcSecurityConfiguration$CompositeFilterChainProxy.doFilter(WebMvcSecurityConfiguration.java:230)
	at org.springframework.web.filter.DelegatingFilterProxy.invokeDelegate(DelegatingFilterProxy.java:352)
	at org.springframework.web.filter.DelegatingFilterProxy.doFilter(DelegatingFilterProxy.java:268)
	at org.apache.catalina.core.ApplicationFilterChain.internalDoFilter(ApplicationFilterChain.java:174)
	at org.apache.catalina.core.ApplicationFilterChain.doFilter(ApplicationFilterChain.java:149)
	at org.springframework.web.filter.RequestContextFilter.doFilterInternal(RequestContextFilter.java:100)
	at org.springframework.web.filter.OncePerRequestFilter.doFilter(OncePerRequestFilter.java:116)
	at org.apache.catalina.core.ApplicationFilterChain.internalDoFilter(ApplicationFilterChain.java:174)
	at org.apache.catalina.core.ApplicationFilterChain.doFilter(ApplicationFilterChain.java:149)
	at org.springframework.web.filter.FormContentFilter.doFilterInternal(FormContentFilter.java:93)
	at org.springframework.web.filter.OncePerRequestFilter.doFilter(OncePerRequestFilter.java:116)
	at org.apache.catalina.core.ApplicationFilterChain.internalDoFilter(ApplicationFilterChain.java:174)
	at org.apache.catalina.core.ApplicationFilterChain.doFilter(ApplicationFilterChain.java:149)
	at org.springframework.web.filter.CharacterEncodingFilter.doFilterInternal(CharacterEncodingFilter.java:201)
	at org.springframework.web.filter.OncePerRequestFilter.doFilter(OncePerRequestFilter.java:116)
	at org.apache.catalina.core.ApplicationFilterChain.internalDoFilter(ApplicationFilterChain.java:174)
	at org.apache.catalina.core.ApplicationFilterChain.doFilter(ApplicationFilterChain.java:149)
	at org.apache.catalina.core.StandardWrapperValve.invoke(StandardWrapperValve.java:167)
	at org.apache.catalina.core.StandardContextValve.invoke(StandardContextValve.java:90)
	at org.apache.catalina.authenticator.AuthenticatorBase.invoke(AuthenticatorBase.java:482)
	at org.apache.catalina.core.StandardHostValve.invoke(StandardHostValve.java:115)
	at org.apache.catalina.valves.ErrorReportValve.invoke(ErrorReportValve.java:93)
	at org.apache.catalina.core.StandardEngineValve.invoke(StandardEngineValve.java:74)
	at org.apache.catalina.connector.CoyoteAdapter.service(CoyoteAdapter.java:344)
	at org.apache.coyote.http11.Http11Processor.service(Http11Processor.java:391)
	at org.apache.coyote.AbstractProcessorLight.process(AbstractProcessorLight.java:63)
	at org.apache.coyote.AbstractProtocol$ConnectionHandler.process(AbstractProtocol.java:896)
	at org.apache.tomcat.util.net.NioEndpoint$SocketProcessor.doRun(NioEndpoint.java:1744)
	at org.apache.tomcat.util.net.SocketProcessorBase.run(SocketProcessorBase.java:52)
	at org.apache.tomcat.util.threads.ThreadPoolExecutor.runWorker(ThreadPoolExecutor.java:1191)
	at org.apache.tomcat.util.threads.ThreadPoolExecutor$Worker.run(ThreadPoolExecutor.java:659)
	at org.apache.tomcat.util.threads.TaskThread$WrappingRunnable.run(TaskThread.java:63)
	at java.base/java.lang.Thread.run(Thread.java:842)
[20240404 10:32:06:453][INFO ][o.h.validator.internal.util.Version] HV000001: Hibernate Validator 8.0.1.Final
[20240404 10:32:06:494][INFO ][com.os.OsApplication] Starting OsApplication using Java 17.0.10 with PID 19648 (C:\Users\ksm10\AIP\build\classes\java\main started by ksm10 in C:\Users\ksm10\AIP)
[20240404 10:32:06:495][INFO ][com.os.OsApplication] No active profile set, falling back to 1 default profile: "default"
[20240404 10:32:06:538][INFO ][o.s.b.d.e.DevToolsPropertyDefaultsPostProcessor] Devtools property defaults active! Set 'spring.devtools.add-properties' to 'false' to disable
[20240404 10:32:06:539][INFO ][o.s.b.d.e.DevToolsPropertyDefaultsPostProcessor] For additional web related logging consider setting the 'logging.level.web' property to 'DEBUG'
[20240404 10:32:07:249][INFO ][o.s.d.r.c.RepositoryConfigurationDelegate] Bootstrapping Spring Data JPA repositories in DEFAULT mode.
[20240404 10:32:07:326][INFO ][o.s.d.r.c.RepositoryConfigurationDelegate] Finished Spring Data repository scanning in 70 ms. Found 8 JPA repository interfaces.
[20240404 10:32:08:019][INFO ][o.s.b.w.embedded.tomcat.TomcatWebServer] Tomcat initialized with port 8082 (http)
[20240404 10:32:08:030][INFO ][o.apache.coyote.http11.Http11NioProtocol] Initializing ProtocolHandler ["http-nio-8082"]
[20240404 10:32:08:032][INFO ][o.apache.catalina.core.StandardService] Starting service [Tomcat]
[20240404 10:32:08:033][INFO ][org.apache.catalina.core.StandardEngine] Starting Servlet engine: [Apache Tomcat/10.1.19]
[20240404 10:32:08:108][INFO ][o.a.c.c.C.[Tomcat].[localhost].[/]] Initializing Spring embedded WebApplicationContext
[20240404 10:32:08:108][INFO ][o.s.b.w.s.c.ServletWebServerApplicationContext] Root WebApplicationContext: initialization completed in 1569 ms
[20240404 10:32:08:261][INFO ][o.hibernate.jpa.internal.util.LogHelper] HHH000204: Processing PersistenceUnitInfo [name: default]
[20240404 10:32:08:325][INFO ][org.hibernate.Version] HHH000412: Hibernate ORM core version 6.4.4.Final
[20240404 10:32:08:366][INFO ][o.h.c.internal.RegionFactoryInitiator] HHH000026: Second-level cache disabled
[20240404 10:32:08:604][INFO ][o.s.o.j.p.SpringPersistenceUnitInfo] No LoadTimeWeaver setup: ignoring JPA class transformer
[20240404 10:32:08:632][INFO ][com.zaxxer.hikari.HikariDataSource] HikariPool-1 - Starting...
[20240404 10:32:08:878][INFO ][com.zaxxer.hikari.pool.HikariPool] HikariPool-1 - Added connection com.mysql.cj.jdbc.ConnectionImpl@53fdc16e
[20240404 10:32:08:880][INFO ][com.zaxxer.hikari.HikariDataSource] HikariPool-1 - Start completed.
[20240404 10:32:08:920][WARN ][org.hibernate.orm.deprecation] HHH90000025: MySQL8Dialect does not need to be specified explicitly using 'hibernate.dialect' (remove the property setting and it will be selected by default)
[20240404 10:32:08:921][WARN ][org.hibernate.orm.deprecation] HHH90000026: MySQL8Dialect has been deprecated; use org.hibernate.dialect.MySQLDialect instead
[20240404 10:32:09:947][INFO ][o.h.e.t.j.p.i.JtaPlatformInitiator] HHH000489: No JTA platform available (set 'hibernate.transaction.jta.platform' to enable JTA platform integration)
[20240404 10:32:10:042][INFO ][o.s.o.j.LocalContainerEntityManagerFactoryBean] Initialized JPA EntityManagerFactory for persistence unit 'default'
[20240404 10:32:10:337][INFO ][o.s.d.j.r.query.QueryEnhancerFactory] Hibernate is in classpath; If applicable, HQL parser will be used.
[20240404 10:32:10:996][WARN ][o.s.b.a.o.j.JpaBaseConfiguration$JpaWebConfiguration] spring.jpa.open-in-view is enabled by default. Therefore, database queries may be performed during view rendering. Explicitly configure spring.jpa.open-in-view to disable this warning
[20240404 10:32:11:096][INFO ][o.s.b.a.w.s.WelcomePageHandlerMapping] Adding welcome page template: index
[20240404 10:32:11:316][INFO ][o.s.s.web.DefaultSecurityFilterChain] Will secure any request with [org.springframework.security.web.session.DisableEncodeUrlFilter@6b683c83, org.springframework.security.web.context.request.async.WebAsyncManagerIntegrationFilter@78992d62, org.springframework.security.web.context.SecurityContextHolderFilter@2500b714, org.springframework.security.web.header.HeaderWriterFilter@16f69b57, org.springframework.security.web.authentication.logout.LogoutFilter@148c7cce, org.springframework.security.web.authentication.UsernamePasswordAuthenticationFilter@722508a0, org.springframework.security.web.savedrequest.RequestCacheAwareFilter@bacef32, org.springframework.security.web.servletapi.SecurityContextHolderAwareRequestFilter@561ca28f, org.springframework.security.web.authentication.AnonymousAuthenticationFilter@546b02a3, org.springframework.security.web.access.ExceptionTranslationFilter@51e3f9c6, org.springframework.security.web.access.intercept.AuthorizationFilter@7bd7d69]
[20240404 10:32:11:634][INFO ][o.s.b.d.a.OptionalLiveReloadServer] LiveReload server is running on port 35729
[20240404 10:32:11:647][INFO ][o.apache.coyote.http11.Http11NioProtocol] Starting ProtocolHandler ["http-nio-8082"]
[20240404 10:32:11:664][INFO ][o.s.b.w.embedded.tomcat.TomcatWebServer] Tomcat started on port 8082 (http) with context path ''
[20240404 10:32:11:675][INFO ][com.os.OsApplication] Started OsApplication in 5.631 seconds (process running for 6.036)
[20240404 10:32:11:921][INFO ][o.a.c.c.C.[Tomcat].[localhost].[/]] Initializing Spring DispatcherServlet 'dispatcherServlet'
[20240404 10:32:11:922][INFO ][o.s.web.servlet.DispatcherServlet] Initializing Servlet 'dispatcherServlet'
[20240404 10:32:11:924][INFO ][o.s.web.servlet.DispatcherServlet] Completed initialization in 2 ms
[20240404 10:43:08:457][INFO ][o.h.validator.internal.util.Version] HV000001: Hibernate Validator 8.0.1.Final
[20240404 10:43:08:505][INFO ][com.os.OsApplication] Starting OsApplication using Java 17.0.10 with PID 15812 (C:\Users\ksm10\AIP\build\classes\java\main started by ksm10 in C:\Users\ksm10\AIP)
[20240404 10:43:08:506][INFO ][com.os.OsApplication] No active profile set, falling back to 1 default profile: "default"
[20240404 10:43:08:556][INFO ][o.s.b.d.e.DevToolsPropertyDefaultsPostProcessor] Devtools property defaults active! Set 'spring.devtools.add-properties' to 'false' to disable
[20240404 10:43:08:556][INFO ][o.s.b.d.e.DevToolsPropertyDefaultsPostProcessor] For additional web related logging consider setting the 'logging.level.web' property to 'DEBUG'
[20240404 10:43:09:282][INFO ][o.s.d.r.c.RepositoryConfigurationDelegate] Bootstrapping Spring Data JPA repositories in DEFAULT mode.
[20240404 10:43:09:358][INFO ][o.s.d.r.c.RepositoryConfigurationDelegate] Finished Spring Data repository scanning in 69 ms. Found 8 JPA repository interfaces.
[20240404 10:43:10:032][INFO ][o.s.b.w.embedded.tomcat.TomcatWebServer] Tomcat initialized with port 8082 (http)
[20240404 10:43:10:041][INFO ][o.apache.coyote.http11.Http11NioProtocol] Initializing ProtocolHandler ["http-nio-8082"]
[20240404 10:43:10:043][INFO ][o.apache.catalina.core.StandardService] Starting service [Tomcat]
[20240404 10:43:10:044][INFO ][org.apache.catalina.core.StandardEngine] Starting Servlet engine: [Apache Tomcat/10.1.19]
[20240404 10:43:10:101][INFO ][o.a.c.c.C.[Tomcat].[localhost].[/]] Initializing Spring embedded WebApplicationContext
[20240404 10:43:10:102][INFO ][o.s.b.w.s.c.ServletWebServerApplicationContext] Root WebApplicationContext: initialization completed in 1546 ms
[20240404 10:43:10:271][INFO ][o.hibernate.jpa.internal.util.LogHelper] HHH000204: Processing PersistenceUnitInfo [name: default]
[20240404 10:43:10:338][INFO ][org.hibernate.Version] HHH000412: Hibernate ORM core version 6.4.4.Final
[20240404 10:43:10:381][INFO ][o.h.c.internal.RegionFactoryInitiator] HHH000026: Second-level cache disabled
[20240404 10:43:10:615][INFO ][o.s.o.j.p.SpringPersistenceUnitInfo] No LoadTimeWeaver setup: ignoring JPA class transformer
[20240404 10:43:10:639][INFO ][com.zaxxer.hikari.HikariDataSource] HikariPool-1 - Starting...
[20240404 10:43:10:908][INFO ][com.zaxxer.hikari.pool.HikariPool] HikariPool-1 - Added connection com.mysql.cj.jdbc.ConnectionImpl@1faed796
[20240404 10:43:10:910][INFO ][com.zaxxer.hikari.HikariDataSource] HikariPool-1 - Start completed.
[20240404 10:43:10:944][WARN ][org.hibernate.orm.deprecation] HHH90000025: MySQL8Dialect does not need to be specified explicitly using 'hibernate.dialect' (remove the property setting and it will be selected by default)
[20240404 10:43:10:945][WARN ][org.hibernate.orm.deprecation] HHH90000026: MySQL8Dialect has been deprecated; use org.hibernate.dialect.MySQLDialect instead
[20240404 10:43:11:953][INFO ][o.h.e.t.j.p.i.JtaPlatformInitiator] HHH000489: No JTA platform available (set 'hibernate.transaction.jta.platform' to enable JTA platform integration)
[20240404 10:43:12:049][INFO ][o.s.o.j.LocalContainerEntityManagerFactoryBean] Initialized JPA EntityManagerFactory for persistence unit 'default'
[20240404 10:43:12:354][INFO ][o.s.d.j.r.query.QueryEnhancerFactory] Hibernate is in classpath; If applicable, HQL parser will be used.
[20240404 10:43:13:006][WARN ][o.s.b.a.o.j.JpaBaseConfiguration$JpaWebConfiguration] spring.jpa.open-in-view is enabled by default. Therefore, database queries may be performed during view rendering. Explicitly configure spring.jpa.open-in-view to disable this warning
[20240404 10:43:13:106][INFO ][o.s.b.a.w.s.WelcomePageHandlerMapping] Adding welcome page template: index
[20240404 10:43:13:316][INFO ][o.s.s.web.DefaultSecurityFilterChain] Will secure any request with [org.springframework.security.web.session.DisableEncodeUrlFilter@799f84fc, org.springframework.security.web.context.request.async.WebAsyncManagerIntegrationFilter@394fb25, org.springframework.security.web.context.SecurityContextHolderFilter@73e578f2, org.springframework.security.web.header.HeaderWriterFilter@4dd4b355, org.springframework.security.web.authentication.logout.LogoutFilter@4e2269e9, org.springframework.security.web.authentication.UsernamePasswordAuthenticationFilter@d74f23f, org.springframework.security.web.savedrequest.RequestCacheAwareFilter@70345dd9, org.springframework.security.web.servletapi.SecurityContextHolderAwareRequestFilter@172e3bd, org.springframework.security.web.authentication.AnonymousAuthenticationFilter@4fd96194, org.springframework.security.web.access.ExceptionTranslationFilter@1abcd384, org.springframework.security.web.access.intercept.AuthorizationFilter@5b9ca86c]
[20240404 10:43:13:637][INFO ][o.s.b.d.a.OptionalLiveReloadServer] LiveReload server is running on port 35729
[20240404 10:43:13:649][INFO ][o.apache.coyote.http11.Http11NioProtocol] Starting ProtocolHandler ["http-nio-8082"]
[20240404 10:43:13:668][INFO ][o.s.b.w.embedded.tomcat.TomcatWebServer] Tomcat started on port 8082 (http) with context path ''
[20240404 10:43:13:679][INFO ][com.os.OsApplication] Started OsApplication in 5.66 seconds (process running for 6.091)
[20240404 10:43:14:482][INFO ][o.a.c.c.C.[Tomcat].[localhost].[/]] Initializing Spring DispatcherServlet 'dispatcherServlet'
[20240404 10:43:14:482][INFO ][o.s.web.servlet.DispatcherServlet] Initializing Servlet 'dispatcherServlet'
[20240404 10:43:14:483][INFO ][o.s.web.servlet.DispatcherServlet] Completed initialization in 1 ms
[20240404 10:51:59:283][INFO ][o.h.validator.internal.util.Version] HV000001: Hibernate Validator 8.0.1.Final
[20240404 10:51:59:326][INFO ][com.os.OsApplication] Starting OsApplication using Java 17.0.10 with PID 19660 (C:\Users\ksm10\AIP\build\classes\java\main started by ksm10 in C:\Users\ksm10\AIP)
[20240404 10:51:59:327][INFO ][com.os.OsApplication] No active profile set, falling back to 1 default profile: "default"
[20240404 10:51:59:374][INFO ][o.s.b.d.e.DevToolsPropertyDefaultsPostProcessor] Devtools property defaults active! Set 'spring.devtools.add-properties' to 'false' to disable
[20240404 10:51:59:375][INFO ][o.s.b.d.e.DevToolsPropertyDefaultsPostProcessor] For additional web related logging consider setting the 'logging.level.web' property to 'DEBUG'
[20240404 10:52:00:149][INFO ][o.s.d.r.c.RepositoryConfigurationDelegate] Bootstrapping Spring Data JPA repositories in DEFAULT mode.
[20240404 10:52:00:228][INFO ][o.s.d.r.c.RepositoryConfigurationDelegate] Finished Spring Data repository scanning in 72 ms. Found 8 JPA repository interfaces.
[20240404 10:52:00:953][INFO ][o.s.b.w.embedded.tomcat.TomcatWebServer] Tomcat initialized with port 8082 (http)
[20240404 10:52:00:964][INFO ][o.apache.coyote.http11.Http11NioProtocol] Initializing ProtocolHandler ["http-nio-8082"]
[20240404 10:52:00:966][INFO ][o.apache.catalina.core.StandardService] Starting service [Tomcat]
[20240404 10:52:00:966][INFO ][org.apache.catalina.core.StandardEngine] Starting Servlet engine: [Apache Tomcat/10.1.19]
[20240404 10:52:01:028][INFO ][o.a.c.c.C.[Tomcat].[localhost].[/]] Initializing Spring embedded WebApplicationContext
[20240404 10:52:01:029][INFO ][o.s.b.w.s.c.ServletWebServerApplicationContext] Root WebApplicationContext: initialization completed in 1654 ms
[20240404 10:52:01:194][INFO ][o.hibernate.jpa.internal.util.LogHelper] HHH000204: Processing PersistenceUnitInfo [name: default]
[20240404 10:52:01:263][INFO ][org.hibernate.Version] HHH000412: Hibernate ORM core version 6.4.4.Final
[20240404 10:52:01:303][INFO ][o.h.c.internal.RegionFactoryInitiator] HHH000026: Second-level cache disabled
[20240404 10:52:01:539][INFO ][o.s.o.j.p.SpringPersistenceUnitInfo] No LoadTimeWeaver setup: ignoring JPA class transformer
[20240404 10:52:01:572][INFO ][com.zaxxer.hikari.HikariDataSource] HikariPool-1 - Starting...
[20240404 10:52:01:831][INFO ][com.zaxxer.hikari.pool.HikariPool] HikariPool-1 - Added connection com.mysql.cj.jdbc.ConnectionImpl@18c729f2
[20240404 10:52:01:833][INFO ][com.zaxxer.hikari.HikariDataSource] HikariPool-1 - Start completed.
[20240404 10:52:01:876][WARN ][org.hibernate.orm.deprecation] HHH90000025: MySQL8Dialect does not need to be specified explicitly using 'hibernate.dialect' (remove the property setting and it will be selected by default)
[20240404 10:52:01:878][WARN ][org.hibernate.orm.deprecation] HHH90000026: MySQL8Dialect has been deprecated; use org.hibernate.dialect.MySQLDialect instead
[20240404 10:52:02:915][INFO ][o.h.e.t.j.p.i.JtaPlatformInitiator] HHH000489: No JTA platform available (set 'hibernate.transaction.jta.platform' to enable JTA platform integration)
[20240404 10:52:03:005][INFO ][o.s.o.j.LocalContainerEntityManagerFactoryBean] Initialized JPA EntityManagerFactory for persistence unit 'default'
[20240404 10:52:03:309][INFO ][o.s.d.j.r.query.QueryEnhancerFactory] Hibernate is in classpath; If applicable, HQL parser will be used.
[20240404 10:52:03:947][WARN ][o.s.b.a.o.j.JpaBaseConfiguration$JpaWebConfiguration] spring.jpa.open-in-view is enabled by default. Therefore, database queries may be performed during view rendering. Explicitly configure spring.jpa.open-in-view to disable this warning
[20240404 10:52:04:049][INFO ][o.s.b.a.w.s.WelcomePageHandlerMapping] Adding welcome page template: index
[20240404 10:52:04:254][INFO ][o.s.s.web.DefaultSecurityFilterChain] Will secure any request with [org.springframework.security.web.session.DisableEncodeUrlFilter@1804650f, org.springframework.security.web.context.request.async.WebAsyncManagerIntegrationFilter@6306a620, org.springframework.security.web.context.SecurityContextHolderFilter@7fa5bfc, org.springframework.security.web.header.HeaderWriterFilter@5bd7dc4b, org.springframework.security.web.authentication.logout.LogoutFilter@5b9ca86c, org.springframework.security.web.authentication.UsernamePasswordAuthenticationFilter@56e5dbdf, org.springframework.security.web.savedrequest.RequestCacheAwareFilter@17c31a84, org.springframework.security.web.servletapi.SecurityContextHolderAwareRequestFilter@3f22bce1, org.springframework.security.web.authentication.AnonymousAuthenticationFilter@148c7cce, org.springframework.security.web.access.ExceptionTranslationFilter@172e3bd, org.springframework.security.web.access.intercept.AuthorizationFilter@4fd96194]
[20240404 10:52:04:599][INFO ][o.s.b.d.a.OptionalLiveReloadServer] LiveReload server is running on port 35729
[20240404 10:52:04:613][INFO ][o.apache.coyote.http11.Http11NioProtocol] Starting ProtocolHandler ["http-nio-8082"]
[20240404 10:52:04:631][INFO ][o.s.b.w.embedded.tomcat.TomcatWebServer] Tomcat started on port 8082 (http) with context path ''
[20240404 10:52:04:644][INFO ][com.os.OsApplication] Started OsApplication in 5.806 seconds (process running for 6.277)
[20240404 10:52:08:811][INFO ][o.a.c.c.C.[Tomcat].[localhost].[/]] Initializing Spring DispatcherServlet 'dispatcherServlet'
[20240404 10:52:08:811][INFO ][o.s.web.servlet.DispatcherServlet] Initializing Servlet 'dispatcherServlet'
[20240404 10:52:08:812][INFO ][o.s.web.servlet.DispatcherServlet] Completed initialization in 1 ms
[20240404 10:57:46:698][INFO ][o.h.validator.internal.util.Version] HV000001: Hibernate Validator 8.0.1.Final
[20240404 10:57:46:741][INFO ][com.os.OsApplication] Starting OsApplication using Java 17.0.10 with PID 7264 (C:\Users\ksm10\AIP\build\classes\java\main started by ksm10 in C:\Users\ksm10\AIP)
[20240404 10:57:46:742][INFO ][com.os.OsApplication] No active profile set, falling back to 1 default profile: "default"
[20240404 10:57:46:788][INFO ][o.s.b.d.e.DevToolsPropertyDefaultsPostProcessor] Devtools property defaults active! Set 'spring.devtools.add-properties' to 'false' to disable
[20240404 10:57:46:788][INFO ][o.s.b.d.e.DevToolsPropertyDefaultsPostProcessor] For additional web related logging consider setting the 'logging.level.web' property to 'DEBUG'
[20240404 10:57:47:570][INFO ][o.s.d.r.c.RepositoryConfigurationDelegate] Bootstrapping Spring Data JPA repositories in DEFAULT mode.
[20240404 10:57:47:653][INFO ][o.s.d.r.c.RepositoryConfigurationDelegate] Finished Spring Data repository scanning in 75 ms. Found 8 JPA repository interfaces.
[20240404 10:57:48:376][INFO ][o.s.b.w.embedded.tomcat.TomcatWebServer] Tomcat initialized with port 8082 (http)
[20240404 10:57:48:386][INFO ][o.apache.coyote.http11.Http11NioProtocol] Initializing ProtocolHandler ["http-nio-8082"]
[20240404 10:57:48:389][INFO ][o.apache.catalina.core.StandardService] Starting service [Tomcat]
[20240404 10:57:48:389][INFO ][org.apache.catalina.core.StandardEngine] Starting Servlet engine: [Apache Tomcat/10.1.19]
[20240404 10:57:48:453][INFO ][o.a.c.c.C.[Tomcat].[localhost].[/]] Initializing Spring embedded WebApplicationContext
[20240404 10:57:48:453][INFO ][o.s.b.w.s.c.ServletWebServerApplicationContext] Root WebApplicationContext: initialization completed in 1665 ms
[20240404 10:57:48:632][INFO ][o.hibernate.jpa.internal.util.LogHelper] HHH000204: Processing PersistenceUnitInfo [name: default]
[20240404 10:57:48:717][INFO ][org.hibernate.Version] HHH000412: Hibernate ORM core version 6.4.4.Final
[20240404 10:57:48:755][INFO ][o.h.c.internal.RegionFactoryInitiator] HHH000026: Second-level cache disabled
[20240404 10:57:49:000][INFO ][o.s.o.j.p.SpringPersistenceUnitInfo] No LoadTimeWeaver setup: ignoring JPA class transformer
[20240404 10:57:49:032][INFO ][com.zaxxer.hikari.HikariDataSource] HikariPool-1 - Starting...
[20240404 10:57:49:303][INFO ][com.zaxxer.hikari.pool.HikariPool] HikariPool-1 - Added connection com.mysql.cj.jdbc.ConnectionImpl@3cf6c38c
[20240404 10:57:49:305][INFO ][com.zaxxer.hikari.HikariDataSource] HikariPool-1 - Start completed.
[20240404 10:57:49:343][WARN ][org.hibernate.orm.deprecation] HHH90000025: MySQL8Dialect does not need to be specified explicitly using 'hibernate.dialect' (remove the property setting and it will be selected by default)
[20240404 10:57:49:344][WARN ][org.hibernate.orm.deprecation] HHH90000026: MySQL8Dialect has been deprecated; use org.hibernate.dialect.MySQLDialect instead
[20240404 10:57:50:341][INFO ][o.h.e.t.j.p.i.JtaPlatformInitiator] HHH000489: No JTA platform available (set 'hibernate.transaction.jta.platform' to enable JTA platform integration)
[20240404 10:57:50:456][INFO ][o.s.o.j.LocalContainerEntityManagerFactoryBean] Initialized JPA EntityManagerFactory for persistence unit 'default'
[20240404 10:57:50:746][INFO ][o.s.d.j.r.query.QueryEnhancerFactory] Hibernate is in classpath; If applicable, HQL parser will be used.
[20240404 10:57:51:459][WARN ][o.s.b.a.o.j.JpaBaseConfiguration$JpaWebConfiguration] spring.jpa.open-in-view is enabled by default. Therefore, database queries may be performed during view rendering. Explicitly configure spring.jpa.open-in-view to disable this warning
[20240404 10:57:51:568][INFO ][o.s.b.a.w.s.WelcomePageHandlerMapping] Adding welcome page template: index
[20240404 10:57:51:763][INFO ][o.s.s.web.DefaultSecurityFilterChain] Will secure any request with [org.springframework.security.web.session.DisableEncodeUrlFilter@4d772573, org.springframework.security.web.context.request.async.WebAsyncManagerIntegrationFilter@5f3129a7, org.springframework.security.web.context.SecurityContextHolderFilter@6ecc4a4a, org.springframework.security.web.header.HeaderWriterFilter@64a14906, org.springframework.security.web.authentication.logout.LogoutFilter@cd89a86, org.springframework.security.web.authentication.UsernamePasswordAuthenticationFilter@1cc72811, org.springframework.security.web.savedrequest.RequestCacheAwareFilter@569a97b3, org.springframework.security.web.servletapi.SecurityContextHolderAwareRequestFilter@310a0bac, org.springframework.security.web.authentication.AnonymousAuthenticationFilter@288a67a7, org.springframework.security.web.access.ExceptionTranslationFilter@2cb2698a, org.springframework.security.web.access.intercept.AuthorizationFilter@34104f88]
[20240404 10:57:52:090][INFO ][o.s.b.d.a.OptionalLiveReloadServer] LiveReload server is running on port 35729
[20240404 10:57:52:103][INFO ][o.apache.coyote.http11.Http11NioProtocol] Starting ProtocolHandler ["http-nio-8082"]
[20240404 10:57:52:122][INFO ][o.s.b.w.embedded.tomcat.TomcatWebServer] Tomcat started on port 8082 (http) with context path ''
[20240404 10:57:52:134][INFO ][com.os.OsApplication] Started OsApplication in 5.866 seconds (process running for 6.295)
[20240404 10:57:52:229][INFO ][o.a.c.c.C.[Tomcat].[localhost].[/]] Initializing Spring DispatcherServlet 'dispatcherServlet'
[20240404 10:57:52:229][INFO ][o.s.web.servlet.DispatcherServlet] Initializing Servlet 'dispatcherServlet'
[20240404 10:57:52:231][INFO ][o.s.web.servlet.DispatcherServlet] Completed initialization in 2 ms
[20240404 11:00:05:677][INFO ][o.h.validator.internal.util.Version] HV000001: Hibernate Validator 8.0.1.Final
[20240404 11:00:05:718][INFO ][com.os.OsApplication] Starting OsApplication using Java 17.0.10 with PID 19628 (C:\Users\ksm10\AIP\build\classes\java\main started by ksm10 in C:\Users\ksm10\AIP)
[20240404 11:00:05:719][INFO ][com.os.OsApplication] No active profile set, falling back to 1 default profile: "default"
[20240404 11:00:05:762][INFO ][o.s.b.d.e.DevToolsPropertyDefaultsPostProcessor] Devtools property defaults active! Set 'spring.devtools.add-properties' to 'false' to disable
[20240404 11:00:05:762][INFO ][o.s.b.d.e.DevToolsPropertyDefaultsPostProcessor] For additional web related logging consider setting the 'logging.level.web' property to 'DEBUG'
[20240404 11:00:06:507][INFO ][o.s.d.r.c.RepositoryConfigurationDelegate] Bootstrapping Spring Data JPA repositories in DEFAULT mode.
[20240404 11:00:06:590][INFO ][o.s.d.r.c.RepositoryConfigurationDelegate] Finished Spring Data repository scanning in 74 ms. Found 8 JPA repository interfaces.
[20240404 11:00:07:226][INFO ][o.s.b.w.embedded.tomcat.TomcatWebServer] Tomcat initialized with port 8082 (http)
[20240404 11:00:07:236][INFO ][o.apache.coyote.http11.Http11NioProtocol] Initializing ProtocolHandler ["http-nio-8082"]
[20240404 11:00:07:238][INFO ][o.apache.catalina.core.StandardService] Starting service [Tomcat]
[20240404 11:00:07:238][INFO ][org.apache.catalina.core.StandardEngine] Starting Servlet engine: [Apache Tomcat/10.1.19]
[20240404 11:00:07:301][INFO ][o.a.c.c.C.[Tomcat].[localhost].[/]] Initializing Spring embedded WebApplicationContext
[20240404 11:00:07:302][INFO ][o.s.b.w.s.c.ServletWebServerApplicationContext] Root WebApplicationContext: initialization completed in 1540 ms
[20240404 11:00:07:461][INFO ][o.hibernate.jpa.internal.util.LogHelper] HHH000204: Processing PersistenceUnitInfo [name: default]
[20240404 11:00:07:528][INFO ][org.hibernate.Version] HHH000412: Hibernate ORM core version 6.4.4.Final
[20240404 11:00:07:568][INFO ][o.h.c.internal.RegionFactoryInitiator] HHH000026: Second-level cache disabled
[20240404 11:00:07:810][INFO ][o.s.o.j.p.SpringPersistenceUnitInfo] No LoadTimeWeaver setup: ignoring JPA class transformer
[20240404 11:00:07:843][INFO ][com.zaxxer.hikari.HikariDataSource] HikariPool-1 - Starting...
[20240404 11:00:08:111][INFO ][com.zaxxer.hikari.pool.HikariPool] HikariPool-1 - Added connection com.mysql.cj.jdbc.ConnectionImpl@18c729f2
[20240404 11:00:08:113][INFO ][com.zaxxer.hikari.HikariDataSource] HikariPool-1 - Start completed.
[20240404 11:00:08:146][WARN ][org.hibernate.orm.deprecation] HHH90000025: MySQL8Dialect does not need to be specified explicitly using 'hibernate.dialect' (remove the property setting and it will be selected by default)
[20240404 11:00:08:146][WARN ][org.hibernate.orm.deprecation] HHH90000026: MySQL8Dialect has been deprecated; use org.hibernate.dialect.MySQLDialect instead
[20240404 11:00:09:207][INFO ][o.h.e.t.j.p.i.JtaPlatformInitiator] HHH000489: No JTA platform available (set 'hibernate.transaction.jta.platform' to enable JTA platform integration)
[20240404 11:00:09:310][INFO ][o.s.o.j.LocalContainerEntityManagerFactoryBean] Initialized JPA EntityManagerFactory for persistence unit 'default'
[20240404 11:00:09:583][INFO ][o.s.d.j.r.query.QueryEnhancerFactory] Hibernate is in classpath; If applicable, HQL parser will be used.
[20240404 11:00:10:264][WARN ][o.s.b.a.o.j.JpaBaseConfiguration$JpaWebConfiguration] spring.jpa.open-in-view is enabled by default. Therefore, database queries may be performed during view rendering. Explicitly configure spring.jpa.open-in-view to disable this warning
[20240404 11:00:10:379][INFO ][o.s.b.a.w.s.WelcomePageHandlerMapping] Adding welcome page template: index
[20240404 11:00:10:577][INFO ][o.s.s.web.DefaultSecurityFilterChain] Will secure any request with [org.springframework.security.web.session.DisableEncodeUrlFilter@19fa952f, org.springframework.security.web.context.request.async.WebAsyncManagerIntegrationFilter@10acb836, org.springframework.security.web.context.SecurityContextHolderFilter@5083f813, org.springframework.security.web.header.HeaderWriterFilter@3f22bce1, org.springframework.security.web.authentication.logout.LogoutFilter@799f84fc, org.springframework.security.web.authentication.UsernamePasswordAuthenticationFilter@6306a620, org.springframework.security.web.savedrequest.RequestCacheAwareFilter@1efc16c, org.springframework.security.web.servletapi.SecurityContextHolderAwareRequestFilter@71631, org.springframework.security.web.authentication.AnonymousAuthenticationFilter@1be42954, org.springframework.security.web.access.ExceptionTranslationFilter@62aafacc, org.springframework.security.web.access.intercept.AuthorizationFilter@1804650f]
[20240404 11:00:10:894][INFO ][o.s.b.d.a.OptionalLiveReloadServer] LiveReload server is running on port 35729
[20240404 11:00:10:908][INFO ][o.apache.coyote.http11.Http11NioProtocol] Starting ProtocolHandler ["http-nio-8082"]
[20240404 11:00:10:927][INFO ][o.s.b.w.embedded.tomcat.TomcatWebServer] Tomcat started on port 8082 (http) with context path ''
[20240404 11:00:10:941][INFO ][com.os.OsApplication] Started OsApplication in 5.707 seconds (process running for 6.178)
[20240404 11:00:11:130][INFO ][o.a.c.c.C.[Tomcat].[localhost].[/]] Initializing Spring DispatcherServlet 'dispatcherServlet'
[20240404 11:00:11:130][INFO ][o.s.web.servlet.DispatcherServlet] Initializing Servlet 'dispatcherServlet'
[20240404 11:00:11:132][INFO ][o.s.web.servlet.DispatcherServlet] Completed initialization in 1 ms
[20240404 11:02:22:024][INFO ][o.h.validator.internal.util.Version] HV000001: Hibernate Validator 8.0.1.Final
[20240404 11:02:22:064][INFO ][com.os.OsApplication] Starting OsApplication using Java 17.0.10 with PID 20636 (C:\Users\ksm10\AIP\build\classes\java\main started by ksm10 in C:\Users\ksm10\AIP)
[20240404 11:02:22:065][INFO ][com.os.OsApplication] No active profile set, falling back to 1 default profile: "default"
[20240404 11:02:22:128][INFO ][o.s.b.d.e.DevToolsPropertyDefaultsPostProcessor] Devtools property defaults active! Set 'spring.devtools.add-properties' to 'false' to disable
[20240404 11:02:22:129][INFO ][o.s.b.d.e.DevToolsPropertyDefaultsPostProcessor] For additional web related logging consider setting the 'logging.level.web' property to 'DEBUG'
[20240404 11:02:22:900][INFO ][o.s.d.r.c.RepositoryConfigurationDelegate] Bootstrapping Spring Data JPA repositories in DEFAULT mode.
[20240404 11:02:22:973][INFO ][o.s.d.r.c.RepositoryConfigurationDelegate] Finished Spring Data repository scanning in 65 ms. Found 8 JPA repository interfaces.
[20240404 11:02:23:690][INFO ][o.s.b.w.embedded.tomcat.TomcatWebServer] Tomcat initialized with port 8082 (http)
[20240404 11:02:23:701][INFO ][o.apache.coyote.http11.Http11NioProtocol] Initializing ProtocolHandler ["http-nio-8082"]
[20240404 11:02:23:703][INFO ][o.apache.catalina.core.StandardService] Starting service [Tomcat]
[20240404 11:02:23:703][INFO ][org.apache.catalina.core.StandardEngine] Starting Servlet engine: [Apache Tomcat/10.1.19]
[20240404 11:02:23:763][INFO ][o.a.c.c.C.[Tomcat].[localhost].[/]] Initializing Spring embedded WebApplicationContext
[20240404 11:02:23:763][INFO ][o.s.b.w.s.c.ServletWebServerApplicationContext] Root WebApplicationContext: initialization completed in 1634 ms
[20240404 11:02:23:932][INFO ][o.hibernate.jpa.internal.util.LogHelper] HHH000204: Processing PersistenceUnitInfo [name: default]
[20240404 11:02:23:997][INFO ][org.hibernate.Version] HHH000412: Hibernate ORM core version 6.4.4.Final
[20240404 11:02:24:033][INFO ][o.h.c.internal.RegionFactoryInitiator] HHH000026: Second-level cache disabled
[20240404 11:02:24:264][INFO ][o.s.o.j.p.SpringPersistenceUnitInfo] No LoadTimeWeaver setup: ignoring JPA class transformer
[20240404 11:02:24:289][INFO ][com.zaxxer.hikari.HikariDataSource] HikariPool-1 - Starting...
[20240404 11:02:24:537][INFO ][com.zaxxer.hikari.pool.HikariPool] HikariPool-1 - Added connection com.mysql.cj.jdbc.ConnectionImpl@18c729f2
[20240404 11:02:24:539][INFO ][com.zaxxer.hikari.HikariDataSource] HikariPool-1 - Start completed.
[20240404 11:02:24:574][WARN ][org.hibernate.orm.deprecation] HHH90000025: MySQL8Dialect does not need to be specified explicitly using 'hibernate.dialect' (remove the property setting and it will be selected by default)
[20240404 11:02:24:575][WARN ][org.hibernate.orm.deprecation] HHH90000026: MySQL8Dialect has been deprecated; use org.hibernate.dialect.MySQLDialect instead
[20240404 11:02:25:607][INFO ][o.h.e.t.j.p.i.JtaPlatformInitiator] HHH000489: No JTA platform available (set 'hibernate.transaction.jta.platform' to enable JTA platform integration)
[20240404 11:02:25:705][INFO ][o.s.o.j.LocalContainerEntityManagerFactoryBean] Initialized JPA EntityManagerFactory for persistence unit 'default'
[20240404 11:02:25:988][INFO ][o.s.d.j.r.query.QueryEnhancerFactory] Hibernate is in classpath; If applicable, HQL parser will be used.
[20240404 11:02:26:680][WARN ][o.s.b.a.o.j.JpaBaseConfiguration$JpaWebConfiguration] spring.jpa.open-in-view is enabled by default. Therefore, database queries may be performed during view rendering. Explicitly configure spring.jpa.open-in-view to disable this warning
[20240404 11:02:26:784][INFO ][o.s.b.a.w.s.WelcomePageHandlerMapping] Adding welcome page template: index
[20240404 11:02:26:986][INFO ][o.s.s.web.DefaultSecurityFilterChain] Will secure any request with [org.springframework.security.web.session.DisableEncodeUrlFilter@1804650f, org.springframework.security.web.context.request.async.WebAsyncManagerIntegrationFilter@6306a620, org.springframework.security.web.context.SecurityContextHolderFilter@7fa5bfc, org.springframework.security.web.header.HeaderWriterFilter@5bd7dc4b, org.springframework.security.web.authentication.logout.LogoutFilter@5b9ca86c, org.springframework.security.web.authentication.UsernamePasswordAuthenticationFilter@56e5dbdf, org.springframework.security.web.savedrequest.RequestCacheAwareFilter@17c31a84, org.springframework.security.web.servletapi.SecurityContextHolderAwareRequestFilter@3f22bce1, org.springframework.security.web.authentication.AnonymousAuthenticationFilter@148c7cce, org.springframework.security.web.access.ExceptionTranslationFilter@172e3bd, org.springframework.security.web.access.intercept.AuthorizationFilter@4fd96194]
[20240404 11:02:27:337][INFO ][o.s.b.d.a.OptionalLiveReloadServer] LiveReload server is running on port 35729
[20240404 11:02:27:352][INFO ][o.apache.coyote.http11.Http11NioProtocol] Starting ProtocolHandler ["http-nio-8082"]
[20240404 11:02:27:370][INFO ][o.s.b.w.embedded.tomcat.TomcatWebServer] Tomcat started on port 8082 (http) with context path ''
[20240404 11:02:27:381][INFO ][com.os.OsApplication] Started OsApplication in 5.777 seconds (process running for 6.187)
[20240404 11:02:28:281][INFO ][o.a.c.c.C.[Tomcat].[localhost].[/]] Initializing Spring DispatcherServlet 'dispatcherServlet'
[20240404 11:02:28:281][INFO ][o.s.web.servlet.DispatcherServlet] Initializing Servlet 'dispatcherServlet'
[20240404 11:02:28:283][INFO ][o.s.web.servlet.DispatcherServlet] Completed initialization in 2 ms
[20240404 12:13:56:931][WARN ][com.zaxxer.hikari.pool.HikariPool] HikariPool-1 - Thread starvation or clock leap detected (housekeeper delta=37m31s722ms654s800ns).
[20240404 13:05:45:110][INFO ][o.h.validator.internal.util.Version] HV000001: Hibernate Validator 8.0.1.Final
[20240404 13:05:45:158][INFO ][com.os.OsApplication] Starting OsApplication using Java 17.0.10 with PID 9732 (C:\Users\ksm10\AIP\build\classes\java\main started by ksm10 in C:\Users\ksm10\AIP)
[20240404 13:05:45:159][INFO ][com.os.OsApplication] No active profile set, falling back to 1 default profile: "default"
[20240404 13:05:45:208][INFO ][o.s.b.d.e.DevToolsPropertyDefaultsPostProcessor] Devtools property defaults active! Set 'spring.devtools.add-properties' to 'false' to disable
[20240404 13:05:45:208][INFO ][o.s.b.d.e.DevToolsPropertyDefaultsPostProcessor] For additional web related logging consider setting the 'logging.level.web' property to 'DEBUG'
[20240404 13:05:46:021][INFO ][o.s.d.r.c.RepositoryConfigurationDelegate] Bootstrapping Spring Data JPA repositories in DEFAULT mode.
[20240404 13:05:46:103][INFO ][o.s.d.r.c.RepositoryConfigurationDelegate] Finished Spring Data repository scanning in 75 ms. Found 8 JPA repository interfaces.
[20240404 13:05:46:824][INFO ][o.s.b.w.embedded.tomcat.TomcatWebServer] Tomcat initialized with port 8082 (http)
[20240404 13:05:46:835][INFO ][o.apache.coyote.http11.Http11NioProtocol] Initializing ProtocolHandler ["http-nio-8082"]
[20240404 13:05:46:837][INFO ][o.apache.catalina.core.StandardService] Starting service [Tomcat]
[20240404 13:05:46:837][INFO ][org.apache.catalina.core.StandardEngine] Starting Servlet engine: [Apache Tomcat/10.1.19]
[20240404 13:05:46:907][INFO ][o.a.c.c.C.[Tomcat].[localhost].[/]] Initializing Spring embedded WebApplicationContext
[20240404 13:05:46:908][INFO ][o.s.b.w.s.c.ServletWebServerApplicationContext] Root WebApplicationContext: initialization completed in 1699 ms
[20240404 13:05:47:087][INFO ][o.hibernate.jpa.internal.util.LogHelper] HHH000204: Processing PersistenceUnitInfo [name: default]
[20240404 13:05:47:161][INFO ][org.hibernate.Version] HHH000412: Hibernate ORM core version 6.4.4.Final
[20240404 13:05:47:202][INFO ][o.h.c.internal.RegionFactoryInitiator] HHH000026: Second-level cache disabled
[20240404 13:05:47:467][INFO ][o.s.o.j.p.SpringPersistenceUnitInfo] No LoadTimeWeaver setup: ignoring JPA class transformer
[20240404 13:05:47:499][INFO ][com.zaxxer.hikari.HikariDataSource] HikariPool-1 - Starting...
[20240404 13:05:47:774][INFO ][com.zaxxer.hikari.pool.HikariPool] HikariPool-1 - Added connection com.mysql.cj.jdbc.ConnectionImpl@3280c272
[20240404 13:05:47:776][INFO ][com.zaxxer.hikari.HikariDataSource] HikariPool-1 - Start completed.
[20240404 13:05:47:823][WARN ][org.hibernate.orm.deprecation] HHH90000025: MySQL8Dialect does not need to be specified explicitly using 'hibernate.dialect' (remove the property setting and it will be selected by default)
[20240404 13:05:47:823][WARN ][org.hibernate.orm.deprecation] HHH90000026: MySQL8Dialect has been deprecated; use org.hibernate.dialect.MySQLDialect instead
[20240404 13:05:48:918][INFO ][o.h.e.t.j.p.i.JtaPlatformInitiator] HHH000489: No JTA platform available (set 'hibernate.transaction.jta.platform' to enable JTA platform integration)
[20240404 13:05:49:026][INFO ][o.s.o.j.LocalContainerEntityManagerFactoryBean] Initialized JPA EntityManagerFactory for persistence unit 'default'
[20240404 13:05:49:371][INFO ][o.s.d.j.r.query.QueryEnhancerFactory] Hibernate is in classpath; If applicable, HQL parser will be used.
[20240404 13:05:50:064][WARN ][o.s.b.a.o.j.JpaBaseConfiguration$JpaWebConfiguration] spring.jpa.open-in-view is enabled by default. Therefore, database queries may be performed during view rendering. Explicitly configure spring.jpa.open-in-view to disable this warning
[20240404 13:05:50:179][INFO ][o.s.b.a.w.s.WelcomePageHandlerMapping] Adding welcome page template: index
[20240404 13:05:50:394][INFO ][o.s.s.web.DefaultSecurityFilterChain] Will secure any request with [org.springframework.security.web.session.DisableEncodeUrlFilter@1fdadebb, org.springframework.security.web.context.request.async.WebAsyncManagerIntegrationFilter@49f0a0f6, org.springframework.security.web.context.SecurityContextHolderFilter@3d1899dd, org.springframework.security.web.header.HeaderWriterFilter@4bc7ec, org.springframework.security.web.authentication.logout.LogoutFilter@4538e553, org.springframework.security.web.authentication.UsernamePasswordAuthenticationFilter@4d61db46, org.springframework.security.web.savedrequest.RequestCacheAwareFilter@619779ff, org.springframework.security.web.servletapi.SecurityContextHolderAwareRequestFilter@21590a, org.springframework.security.web.authentication.AnonymousAuthenticationFilter@323c5130, org.springframework.security.web.access.ExceptionTranslationFilter@333a99bd, org.springframework.security.web.access.intercept.AuthorizationFilter@6843e1ff]
[20240404 13:05:50:752][INFO ][o.s.b.d.a.OptionalLiveReloadServer] LiveReload server is running on port 35729
[20240404 13:05:50:767][INFO ][o.apache.coyote.http11.Http11NioProtocol] Starting ProtocolHandler ["http-nio-8082"]
[20240404 13:05:50:792][INFO ][o.s.b.w.embedded.tomcat.TomcatWebServer] Tomcat started on port 8082 (http) with context path ''
[20240404 13:05:50:807][INFO ][com.os.OsApplication] Started OsApplication in 6.149 seconds (process running for 6.593)
